<?xml version="1.0" encoding="UTF-8"?>
<!-- Generated by org.testng.reporters.JUnitReportReporter -->
<testsuite hostname="DESKTOP-FKF169D" failures="0" tests="1" name="com.sauceDemo.TestClasses.PracticeTestNGLoginFunctionality" time="10.137" errors="0" timestamp="2022-08-01T17:15:11 IST" skipped="0">
  <testcase classname="com.sauceDemo.TestClasses.PracticeTestNGLoginFunctionality" name="loginfunctionality" time="10.137"/>
  <system-out/>
</testsuite> <!-- com.sauceDemo.TestClasses.PracticeTestNGLoginFunctionality -->
