<?xml version="1.0" encoding="UTF-8"?>
<!-- Generated by org.testng.reporters.JUnitReportReporter -->
<testsuite hostname="DESKTOP-FKF169D" failures="0" tests="1" name="com.sauceDemo.TestClasses.PracticeTestNG" time="14.795" errors="0" timestamp="2022-07-28T09:54:43 IST" skipped="0">
  <testcase classname="com.sauceDemo.TestClasses.PracticeTestNG" name="loginfunctionality" time="14.795"/>
  <system-out/>
</testsuite> <!-- com.sauceDemo.TestClasses.PracticeTestNG -->
