<?xml version="1.0" encoding="UTF-8"?>
<!-- Generated by org.testng.reporters.JUnitReportReporter -->
<testsuite hostname="DESKTOP-FKF169D" failures="0" tests="1" name="com.sauceDemo.TestClasses.PracticeTestNGSingleProductAddtoCart" time="6.909" errors="0" timestamp="2022-08-01T17:15:35 IST" skipped="0">
  <testcase classname="com.sauceDemo.TestClasses.PracticeTestNGSingleProductAddtoCart" name="verifysingleproductaddtocart" time="6.909"/>
  <system-out/>
</testsuite> <!-- com.sauceDemo.TestClasses.PracticeTestNGSingleProductAddtoCart -->
