<?xml version="1.0" encoding="UTF-8"?>
<!-- Generated by org.testng.reporters.JUnitReportReporter -->
<testsuite hostname="DESKTOP-FKF169D" failures="0" tests="1" name="com.sauceDemo.TestClasses.VerifyAddToCartFunctionality" time="8.916" errors="0" timestamp="2022-07-27T15:30:48 IST" skipped="0">
  <testcase classname="com.sauceDemo.TestClasses.VerifyAddToCartFunctionality" name="method1" time="8.916"/>
  <system-out/>
</testsuite> <!-- com.sauceDemo.TestClasses.VerifyAddToCartFunctionality -->
