<?xml version="1.0" encoding="UTF-8"?>
<!-- Generated by org.testng.reporters.JUnitReportReporter -->
<testsuite hostname="DESKTOP-FKF169D" failures="0" tests="1" name="com.sauceDemo.TestClasses.PracticeTestNGMultipleProductAddtoCart" time="7.466" errors="0" timestamp="2022-08-01T17:16:05 IST" skipped="0">
  <testcase classname="com.sauceDemo.TestClasses.PracticeTestNGMultipleProductAddtoCart" name="verifymultipleproductaddtocart" time="7.466"/>
  <system-out/>
</testsuite> <!-- com.sauceDemo.TestClasses.PracticeTestNGMultipleProductAddtoCart -->
